^CChecking reminders (found 1)...
Email enviado para virm0805@gmail.com para lembrete 5
Finished.
Verificando 0 lembretes pendentes...
Processo finalizado.
Verificando 0 lembretes pendentes...
Processo finalizado.
Verificando 0 lembretes pendentes...
Processo finalizado.
Verificando 0 lembretes pendentes...
Processo finalizado.
Verificando 2 lembretes pendentes...
E-mail enviado para virm0805@gmail.com
E-mail enviado para virm0805@gmail.com
Processo finalizado.
Verificando 0 lembretes pendentes...
Processo finalizado.
Verificando 0 lembretes pendentes...
Processo finalizado.
Verificando 1 lembretes pendentes...
E-mail enviado para virm0805@gmail.com
Processo finalizado.
Verificando 0 lembretes pendentes...
Processo finalizado.
Verificando 0 lembretes pendentes...
Processo finalizado.
Verificando 0 lembretes pendentes...
Processo finalizado.
Verificando 7 lembretes pendentes...
E-mail enviado para virm0805@gmail.com
E-mail enviado para virm0805@gmail.com
E-mail enviado para virm0805@gmail.com
E-mail enviado para virm0805@gmail.com
E-mail enviado para virm0805@gmail.com
E-mail enviado para virm0805@gmail.com
E-mail enviado para virm0805@gmail.com
Processo finalizado.
Verificando 0 lembretes pendentes...
Processo finalizado.
Verificando 1 lembretes pendentes...
E-mail enviado para virm0805@gmail.com
Processo finalizado.
Verificando 0 lembretes pendentes...
Processo finalizado.
Verificando 0 lembretes pendentes...
Processo finalizado.
Verificando 0 lembretes pendentes...
Processo finalizado.
Verificando 0 lembretes pendentes...
Processo finalizado.
Verificando 0 lembretes pendentes...
Processo finalizado.
Verificando 0 lembretes pendentes...
Processo finalizado.
Verificando 0 lembretes pendentes...
Processo finalizado.
Verificando 0 lembretes pendentes...
Processo finalizado.
Verificando 0 lembretes pendentes...
Processo finalizado.
Verificando 0 lembretes pendentes...
Processo finalizado.
Verificando 0 lembretes pendentes...
Processo finalizado.
Verificando 0 lembretes pendentes...
Processo finalizado.
Verificando 0 lembretes pendentes...
Processo finalizado.
Verificando 0 lembretes pendentes...
Processo finalizado.
Verificando 0 lembretes pendentes...
Processo finalizado.
Verificando 0 lembretes pendentes...
Processo finalizado.
Verificando 0 lembretes pendentes...
Processo finalizado.
Verificando 0 lembretes pendentes...
Processo finalizado.
Verificando 0 lembretes pendentes...
Processo finalizado.
Verificando 0 lembretes pendentes...
Processo finalizado.
Verificando 0 lembretes pendentes...
Processo finalizado.
Verificando 0 lembretes pendentes...
Processo finalizado.
Verificando 0 lembretes pendentes...
Processo finalizado.
Verificando 0 lembretes pendentes...
Processo finalizado.
Verificando 0 lembretes pendentes...
Processo finalizado.
Verificando 0 lembretes pendentes...
Processo finalizado.
Verificando 0 lembretes pendentes...
Processo finalizado.
Verificando 0 lembretes pendentes...
Processo finalizado.
Traceback (most recent call last):
  File "C:\Users\vitor\Documents\lembretes_project\.venv\Lib\site-packages\django\core\management\__init__.py", line 255, in fetch_command
    app_name = commands[subcommand]
               ~~~~~~~~^^^^^^^^^^^^
KeyError: 'send_reminders'

During handling of the above exception, another exception occurred:

Traceback (most recent call last):
  File "C:\Users\vitor\Documents\lembretes_project\manage.py", line 11, in <module>
    execute_from_command_line(sys.argv)
    ~~~~~~~~~~~~~~~~~~~~~~~~~^^^^^^^^^^
  File "C:\Users\vitor\Documents\lembretes_project\.venv\Lib\site-packages\django\core\management\__init__.py", line 442, in execute_from_command_line
    utility.execute()
    ~~~~~~~~~~~~~~~^^
  File "C:\Users\vitor\Documents\lembretes_project\.venv\Lib\site-packages\django\core\management\__init__.py", line 436, in execute
    self.fetch_command(subcommand).run_from_argv(self.argv)
    ~~~~~~~~~~~~~~~~~~^^^^^^^^^^^^
  File "C:\Users\vitor\Documents\lembretes_project\.venv\Lib\site-packages\django\core\management\__init__.py", line 262, in fetch_command
    settings.INSTALLED_APPS
  File "C:\Users\vitor\Documents\lembretes_project\.venv\Lib\site-packages\django\conf\__init__.py", line 81, in __getattr__
    self._setup(name)
    ~~~~~~~~~~~^^^^^^
  File "C:\Users\vitor\Documents\lembretes_project\.venv\Lib\site-packages\django\conf\__init__.py", line 68, in _setup
    self._wrapped = Settings(settings_module)
                    ~~~~~~~~^^^^^^^^^^^^^^^^^
  File "C:\Users\vitor\Documents\lembretes_project\.venv\Lib\site-packages\django\conf\__init__.py", line 166, in __init__
    mod = importlib.import_module(self.SETTINGS_MODULE)
  File "C:\Users\vitor\AppData\Local\Programs\Python\Python313\Lib\importlib\__init__.py", line 88, in import_module
    return _bootstrap._gcd_import(name[level:], package, level)
           ~~~~~~~~~~~~~~~~~~~~~~^^^^^^^^^^^^^^^^^^^^^^^^^^^^^^
  File "<frozen importlib._bootstrap>", line 1387, in _gcd_import
  File "<frozen importlib._bootstrap>", line 1360, in _find_and_load
  File "<frozen importlib._bootstrap>", line 1331, in _find_and_load_unlocked
  File "<frozen importlib._bootstrap>", line 935, in _load_unlocked
  File "<frozen importlib._bootstrap_external>", line 1026, in exec_module
  File "<frozen importlib._bootstrap>", line 488, in _call_with_frames_removed
  File "C:\Users\vitor\Documents\lembretes_project\lembretes_project\settings.py", line 5, in <module>
    import dj_database_url
ModuleNotFoundError: No module named 'dj_database_url'
Verificando 0 lembretes pendentes...
Processo finalizado.
Verificando 0 lembretes pendentes...
Processo finalizado.
Verificando 0 lembretes pendentes...
Processo finalizado.
Verificando 0 lembretes pendentes...
Processo finalizado.
Verificando 0 lembretes pendentes...
Processo finalizado.
Verificando 0 lembretes pendentes...
Processo finalizado.
Verificando 0 lembretes pendentes...
Processo finalizado.
Verificando 0 lembretes pendentes...
Processo finalizado.
Verificando 0 lembretes pendentes...
Processo finalizado.
Verificando 0 lembretes pendentes...
Processo finalizado.
Verificando 0 lembretes pendentes...
Processo finalizado.
Verificando 0 lembretes pendentes...
Processo finalizado.
Erro ao enviar e-mail: (530, b'5.7.0 Authentication Required. For more information, go to\n5.7.0  https://support.google.com/accounts/troubleshooter/2402620. d2e1a72fcca58-7b0ccb5c728sm13080260b3a.60 - gsmtp', 'no-reply@remindme.local')
Verificando 1 lembretes pendentes...
Processo finalizado.
Erro ao enviar e-mail: (530, b'5.7.0 Authentication Required. For more information, go to\n5.7.0  https://support.google.com/accounts/troubleshooter/2402620. d9443c01a7336-29651c7409esm159041875ad.64 - gsmtp', 'no-reply@remindme.local')
Verificando 1 lembretes pendentes...
Processo finalizado.
Erro ao enviar e-mail: (530, b'5.7.0 Authentication Required. For more information, go to\n5.7.0  https://support.google.com/accounts/troubleshooter/2402620. d2e1a72fcca58-7b0c9ff74bfsm13329523b3a.27 - gsmtp', 'no-reply@remindme.local')
Verificando 1 lembretes pendentes...
Processo finalizado.
Erro ao enviar e-mail: (530, b'5.7.0 Authentication Required. For more information, go to\n5.7.0  https://support.google.com/accounts/troubleshooter/2402620. d9443c01a7336-29651c93e5dsm163807205ad.81 - gsmtp', 'no-reply@remindme.local')
Verificando 1 lembretes pendentes...
Processo finalizado.
Erro ao enviar e-mail: (530, b'5.7.0 Authentication Required. For more information, go to\n5.7.0  https://support.google.com/accounts/troubleshooter/2402620. 41be03b00d2f7-bad33c801d1sm10532230a12.7 - gsmtp', 'no-reply@remindme.local')
Verificando 1 lembretes pendentes...
Processo finalizado.
Erro ao enviar e-mail: (530, b'5.7.0 Authentication Required. For more information, go to\n5.7.0  https://support.google.com/accounts/troubleshooter/2402620. d9443c01a7336-29651c70381sm158828605ad.66 - gsmtp', 'no-reply@remindme.local')
Verificando 1 lembretes pendentes...
Processo finalizado.
Erro ao enviar e-mail: (530, b'5.7.0 Authentication Required. For more information, go to\n5.7.0  https://support.google.com/accounts/troubleshooter/2402620. 41be03b00d2f7-ba902c9d0d4sm13506376a12.36 - gsmtp', 'no-reply@remindme.local')
Verificando 1 lembretes pendentes...
Processo finalizado.
Erro ao enviar e-mail: (530, b'5.7.0 Authentication Required. For more information, go to\n5.7.0  https://support.google.com/accounts/troubleshooter/2402620. 41be03b00d2f7-bb57baf9905sm4689208a12.17 - gsmtp', 'no-reply@remindme.local')
Verificando 1 lembretes pendentes...
Processo finalizado.
Erro ao enviar e-mail: (530, b'5.7.0 Authentication Required. For more information, go to\n5.7.0  https://support.google.com/accounts/troubleshooter/2402620. d2e1a72fcca58-7b0cc179f14sm13643784b3a.45 - gsmtp', 'no-reply@remindme.local')
Verificando 1 lembretes pendentes...
Processo finalizado.
^CErro ao enviar e-mail: (530, b'5.7.0 Authentication Required. For more information, go to\n5.7.0  https://support.google.com/accounts/troubleshooter/2402620. d2e1a72fcca58-7b0cca57fb5sm13148273b3a.56 - gsmtp', 'no-reply@remindme.local')
Verificando 1 lembretes pendentes...
Processo finalizado.
Erro ao enviar e-mail: (530, b'5.7.0 Authentication Required. For more information, go to\n5.7.0  https://support.google.com/accounts/troubleshooter/2402620. d2e1a72fcca58-7b0c9634f56sm13511319b3a.4 - gsmtp', 'no-reply@remindme.local')
Verificando 1 lembretes pendentes...
Processo finalizado.
Erro ao enviar e-mail: (530, b'5.7.0 Authentication Required. For more information, go to\n5.7.0  https://support.google.com/accounts/troubleshooter/2402620. 98e67ed59e1d1-341a699c011sm19146751a91.14 - gsmtp', 'no-reply@remindme.local')
Verificando 1 lembretes pendentes...
Processo finalizado.
Erro ao enviar e-mail: (530, b'5.7.0 Authentication Required. For more information, go to\n5.7.0  https://support.google.com/accounts/troubleshooter/2402620. 41be03b00d2f7-ba9024e6e17sm13780009a12.34 - gsmtp', 'no-reply@remindme.local')
Verificando 1 lembretes pendentes...
Processo finalizado.
Erro ao enviar e-mail: (530, b'5.7.0 Authentication Required. For more information, go to\n5.7.0  https://support.google.com/accounts/troubleshooter/2402620. d2e1a72fcca58-7b0cd05d17asm13509548b3a.72 - gsmtp', 'no-reply@remindme.local')
Verificando 1 lembretes pendentes...
Processo finalizado.
Erro ao enviar e-mail: (530, b'5.7.0 Authentication Required. For more information, go to\n5.7.0  https://support.google.com/accounts/troubleshooter/2402620. d9443c01a7336-29650968602sm164494685ad.9 - gsmtp', 'no-reply@remindme.local')
Verificando 1 lembretes pendentes...
Processo finalizado.
Erro ao enviar e-mail: (530, b'5.7.0 Authentication Required. For more information, go to\n5.7.0  https://support.google.com/accounts/troubleshooter/2402620. d2e1a72fcca58-7b0c963586fsm13176339b3a.10 - gsmtp', 'no-reply@remindme.local')
Verificando 1 lembretes pendentes...
Processo finalizado.
Erro ao enviar e-mail: (530, b'5.7.0 Authentication Required. For more information, go to\n5.7.0  https://support.google.com/accounts/troubleshooter/2402620. 41be03b00d2f7-ba8fa0bad4asm14544530a12.15 - gsmtp', 'no-reply@remindme.local')
Verificando 1 lembretes pendentes...
Processo finalizado.
Erro ao enviar e-mail: (530, b'5.7.0 Authentication Required. For more information, go to\n5.7.0  https://support.google.com/accounts/troubleshooter/2402620. 98e67ed59e1d1-343685301f8sm9407807a91.5 - gsmtp', 'no-reply@remindme.local')
Verificando 1 lembretes pendentes...
Processo finalizado.
Erro ao enviar e-mail: (530, b'5.7.0 Authentication Required. For more information, go to\n5.7.0  https://support.google.com/accounts/troubleshooter/2402620. d9443c01a7336-29819dd2161sm52233195ad.54 - gsmtp', 'no-reply@remindme.local')
Verificando 1 lembretes pendentes...
Processo finalizado.
Erro ao enviar e-mail: (530, b'5.7.0 Authentication Required. For more information, go to\n5.7.0  https://support.google.com/accounts/troubleshooter/2402620. d2e1a72fcca58-7b0ca1e7595sm13257599b3a.33 - gsmtp', 'no-reply@remindme.local')
Verificando 1 lembretes pendentes...
Processo finalizado.
^CErro ao enviar e-mail: (530, b'5.7.0 Authentication Required. For more information, go to\n5.7.0  https://support.google.com/accounts/troubleshooter/2402620. d2e1a72fcca58-7b0ccb5c823sm13335048b3a.62 - gsmtp', 'no-reply@remindme.local')
Verificando 1 lembretes pendentes...
Processo finalizado.
Erro ao enviar e-mail: (530, b'5.7.0 Authentication Required. For more information, go to\n5.7.0  https://support.google.com/accounts/troubleshooter/2402620. d2e1a72fcca58-7b0c953d0a6sm13337809b3a.12 - gsmtp', 'no-reply@remindme.local')
Verificando 1 lembretes pendentes...
Processo finalizado.
Erro ao enviar e-mail: (530, b'5.7.0 Authentication Required. For more information, go to\n5.7.0  https://support.google.com/accounts/troubleshooter/2402620. 41be03b00d2f7-ba900eab130sm14036852a12.25 - gsmtp', 'no-reply@remindme.local')
Verificando 1 lembretes pendentes...
Processo finalizado.
Erro ao enviar e-mail: (530, b'5.7.0 Authentication Required. For more information, go to\n5.7.0  https://support.google.com/accounts/troubleshooter/2402620. d2e1a72fcca58-7b0ccc59eb6sm13478033b3a.67 - gsmtp', 'no-reply@remindme.local')
Verificando 1 lembretes pendentes...
Processo finalizado.
Erro ao enviar e-mail: (530, b'5.7.0 Authentication Required. For more information, go to\n5.7.0  https://support.google.com/accounts/troubleshooter/2402620. d2e1a72fcca58-7b2c83906e5sm9143028b3a.71 - gsmtp', 'no-reply@remindme.local')
Verificando 1 lembretes pendentes...
Processo finalizado.
Erro ao enviar e-mail: (530, b'5.7.0 Authentication Required. For more information, go to\n5.7.0  https://support.google.com/accounts/troubleshooter/2402620. d9443c01a7336-29651cd2418sm162336685ad.109 - gsmtp', 'no-reply@remindme.local')
Verificando 1 lembretes pendentes...
Processo finalizado.
Erro ao enviar e-mail: (530, b'5.7.0 Authentication Required. For more information, go to\n5.7.0  https://support.google.com/accounts/troubleshooter/2402620. d9443c01a7336-29651c9c310sm164658475ad.87 - gsmtp', 'no-reply@remindme.local')
Verificando 1 lembretes pendentes...
Processo finalizado.
Erro ao enviar e-mail: (530, b'5.7.0 Authentication Required. For more information, go to\n5.7.0  https://support.google.com/accounts/troubleshooter/2402620. d2e1a72fcca58-7b0c9ff8538sm13564821b3a.28 - gsmtp', 'no-reply@remindme.local')
Verificando 1 lembretes pendentes...
Processo finalizado.
Erro ao enviar e-mail: (530, b'5.7.0 Authentication Required. For more information, go to\n5.7.0  https://support.google.com/accounts/troubleshooter/2402620. d2e1a72fcca58-7b0c9c08ee9sm13722918b3a.21 - gsmtp', 'no-reply@remindme.local')
Verificando 1 lembretes pendentes...
Processo finalizado.
Erro ao enviar e-mail: (530, b'5.7.0 Authentication Required. For more information, go to\n5.7.0  https://support.google.com/accounts/troubleshooter/2402620. 41be03b00d2f7-ba8fa0bad4asm14690658a12.15 - gsmtp', 'no-reply@remindme.local')
Verificando 1 lembretes pendentes...
Processo finalizado.
Erro ao enviar e-mail: (530, b'5.7.0 Authentication Required. For more information, go to\n5.7.0  https://support.google.com/accounts/troubleshooter/2402620. d9443c01a7336-29651c8f07csm167464425ad.78 - gsmtp', 'no-reply@remindme.local')
Verificando 1 lembretes pendentes...
Processo finalizado.
Erro ao enviar e-mail: (530, b'5.7.0 Authentication Required. For more information, go to\n5.7.0  https://support.google.com/accounts/troubleshooter/2402620. 41be03b00d2f7-ba8fa0bad4asm14712024a12.15 - gsmtp', 'no-reply@remindme.local')
Verificando 1 lembretes pendentes...
Processo finalizado.
Erro ao enviar e-mail: (530, b'5.7.0 Authentication Required. For more information, go to\n5.7.0  https://support.google.com/accounts/troubleshooter/2402620. d9443c01a7336-29651ccec88sm176491385ad.107 - gsmtp', 'no-reply@remindme.local')
Verificando 1 lembretes pendentes...
Processo finalizado.
Erro ao enviar e-mail: (530, b'5.7.0 Authentication Required. For more information, go to\n5.7.0  https://support.google.com/accounts/troubleshooter/2402620. 41be03b00d2f7-ba8ffe36bbasm15240815a12.18 - gsmtp', 'no-reply@remindme.local')
Verificando 1 lembretes pendentes...
Processo finalizado.
Erro ao enviar e-mail: (530, b'5.7.0 Authentication Required. For more information, go to\n5.7.0  https://support.google.com/accounts/troubleshooter/2402620. d2e1a72fcca58-7b0f9aabfc0sm14517483b3a.13 - gsmtp', 'no-reply@remindme.local')
Verificando 1 lembretes pendentes...
Processo finalizado.
Erro ao enviar e-mail: (530, b'5.7.0 Authentication Required. For more information, go to\n5.7.0  https://support.google.com/accounts/troubleshooter/2402620. 98e67ed59e1d1-343c4f6f78bsm1167200a91.3 - gsmtp', 'no-reply@remindme.local')
Verificando 1 lembretes pendentes...
Processo finalizado.
Erro ao enviar e-mail: (530, b'5.7.0 Authentication Required. For more information, go to\n5.7.0  https://support.google.com/accounts/troubleshooter/2402620. 41be03b00d2f7-bad33c801d1sm12094718a12.7 - gsmtp', 'no-reply@remindme.local')
Verificando 1 lembretes pendentes...
Processo finalizado.
