^CChecking reminders (found 1)...
Email enviado para virm0805@gmail.com para lembrete 5
Finished.
Verificando 0 lembretes pendentes...
Processo finalizado.
Verificando 0 lembretes pendentes...
Processo finalizado.
Verificando 0 lembretes pendentes...
Processo finalizado.
Verificando 0 lembretes pendentes...
Processo finalizado.
Verificando 2 lembretes pendentes...
E-mail enviado para virm0805@gmail.com
E-mail enviado para virm0805@gmail.com
Processo finalizado.
Verificando 0 lembretes pendentes...
Processo finalizado.
Verificando 0 lembretes pendentes...
Processo finalizado.
Verificando 1 lembretes pendentes...
E-mail enviado para virm0805@gmail.com
Processo finalizado.
Verificando 0 lembretes pendentes...
Processo finalizado.
Verificando 0 lembretes pendentes...
Processo finalizado.
Verificando 0 lembretes pendentes...
Processo finalizado.
Verificando 7 lembretes pendentes...
E-mail enviado para virm0805@gmail.com
E-mail enviado para virm0805@gmail.com
E-mail enviado para virm0805@gmail.com
E-mail enviado para virm0805@gmail.com
E-mail enviado para virm0805@gmail.com
E-mail enviado para virm0805@gmail.com
E-mail enviado para virm0805@gmail.com
Processo finalizado.
Verificando 0 lembretes pendentes...
Processo finalizado.
Verificando 1 lembretes pendentes...
E-mail enviado para virm0805@gmail.com
Processo finalizado.
Verificando 0 lembretes pendentes...
Processo finalizado.
Verificando 0 lembretes pendentes...
Processo finalizado.
Verificando 0 lembretes pendentes...
Processo finalizado.
Verificando 0 lembretes pendentes...
Processo finalizado.
Verificando 0 lembretes pendentes...
Processo finalizado.
Verificando 0 lembretes pendentes...
Processo finalizado.
Verificando 0 lembretes pendentes...
Processo finalizado.
Verificando 0 lembretes pendentes...
Processo finalizado.
Verificando 0 lembretes pendentes...
Processo finalizado.
Verificando 0 lembretes pendentes...
Processo finalizado.
Verificando 0 lembretes pendentes...
Processo finalizado.
Verificando 0 lembretes pendentes...
Processo finalizado.
Verificando 0 lembretes pendentes...
Processo finalizado.
Verificando 0 lembretes pendentes...
Processo finalizado.
Verificando 0 lembretes pendentes...
Processo finalizado.
Verificando 0 lembretes pendentes...
Processo finalizado.
Verificando 0 lembretes pendentes...
Processo finalizado.
Verificando 0 lembretes pendentes...
Processo finalizado.
Verificando 0 lembretes pendentes...
Processo finalizado.
Verificando 0 lembretes pendentes...
Processo finalizado.
Verificando 0 lembretes pendentes...
Processo finalizado.
Verificando 0 lembretes pendentes...
Processo finalizado.
Verificando 0 lembretes pendentes...
Processo finalizado.
Verificando 0 lembretes pendentes...
Processo finalizado.
Verificando 0 lembretes pendentes...
Processo finalizado.
Verificando 0 lembretes pendentes...
Processo finalizado.
Verificando 0 lembretes pendentes...
Processo finalizado.
Verificando 0 lembretes pendentes...
Processo finalizado.
Traceback (most recent call last):
  File "C:\Users\vitor\Documents\lembretes_project\.venv\Lib\site-packages\django\core\management\__init__.py", line 255, in fetch_command
    app_name = commands[subcommand]
               ~~~~~~~~^^^^^^^^^^^^
KeyError: 'send_reminders'

During handling of the above exception, another exception occurred:

Traceback (most recent call last):
  File "C:\Users\vitor\Documents\lembretes_project\manage.py", line 11, in <module>
    execute_from_command_line(sys.argv)
    ~~~~~~~~~~~~~~~~~~~~~~~~~^^^^^^^^^^
  File "C:\Users\vitor\Documents\lembretes_project\.venv\Lib\site-packages\django\core\management\__init__.py", line 442, in execute_from_command_line
    utility.execute()
    ~~~~~~~~~~~~~~~^^
  File "C:\Users\vitor\Documents\lembretes_project\.venv\Lib\site-packages\django\core\management\__init__.py", line 436, in execute
    self.fetch_command(subcommand).run_from_argv(self.argv)
    ~~~~~~~~~~~~~~~~~~^^^^^^^^^^^^
  File "C:\Users\vitor\Documents\lembretes_project\.venv\Lib\site-packages\django\core\management\__init__.py", line 262, in fetch_command
    settings.INSTALLED_APPS
  File "C:\Users\vitor\Documents\lembretes_project\.venv\Lib\site-packages\django\conf\__init__.py", line 81, in __getattr__
    self._setup(name)
    ~~~~~~~~~~~^^^^^^
  File "C:\Users\vitor\Documents\lembretes_project\.venv\Lib\site-packages\django\conf\__init__.py", line 68, in _setup
    self._wrapped = Settings(settings_module)
                    ~~~~~~~~^^^^^^^^^^^^^^^^^
  File "C:\Users\vitor\Documents\lembretes_project\.venv\Lib\site-packages\django\conf\__init__.py", line 166, in __init__
    mod = importlib.import_module(self.SETTINGS_MODULE)
  File "C:\Users\vitor\AppData\Local\Programs\Python\Python313\Lib\importlib\__init__.py", line 88, in import_module
    return _bootstrap._gcd_import(name[level:], package, level)
           ~~~~~~~~~~~~~~~~~~~~~~^^^^^^^^^^^^^^^^^^^^^^^^^^^^^^
  File "<frozen importlib._bootstrap>", line 1387, in _gcd_import
  File "<frozen importlib._bootstrap>", line 1360, in _find_and_load
  File "<frozen importlib._bootstrap>", line 1331, in _find_and_load_unlocked
  File "<frozen importlib._bootstrap>", line 935, in _load_unlocked
  File "<frozen importlib._bootstrap_external>", line 1026, in exec_module
  File "<frozen importlib._bootstrap>", line 488, in _call_with_frames_removed
  File "C:\Users\vitor\Documents\lembretes_project\lembretes_project\settings.py", line 5, in <module>
    import dj_database_url
ModuleNotFoundError: No module named 'dj_database_url'
Verificando 0 lembretes pendentes...
Processo finalizado.
Verificando 0 lembretes pendentes...
Processo finalizado.
Verificando 0 lembretes pendentes...
Processo finalizado.
Verificando 0 lembretes pendentes...
Processo finalizado.
Verificando 0 lembretes pendentes...
Processo finalizado.
Verificando 0 lembretes pendentes...
Processo finalizado.
Verificando 0 lembretes pendentes...
Processo finalizado.
Verificando 0 lembretes pendentes...
Processo finalizado.
Verificando 0 lembretes pendentes...
Processo finalizado.
Verificando 0 lembretes pendentes...
Processo finalizado.
Verificando 0 lembretes pendentes...
Processo finalizado.
Verificando 0 lembretes pendentes...
Processo finalizado.
Erro ao enviar e-mail: (530, b'5.7.0 Authentication Required. For more information, go to\n5.7.0  https://support.google.com/accounts/troubleshooter/2402620. d2e1a72fcca58-7b0ccb5c728sm13080260b3a.60 - gsmtp', 'no-reply@remindme.local')
Verificando 1 lembretes pendentes...
Processo finalizado.
